<?xml version="1.0" encoding="UTF-8" ?>
<testsuite tests="0" failures="0" name="Test" time="0" errors="0" skipped="0">
  <properties>
    <property name="idea.version" value="2020.3.1"/>
    <property name="java.runtime.name" value="Java(TM) SE Runtime Environment"/>
    <property name="sun.boot.library.path" value="C:\Program Files (x86)\Java\jdk1.8.0_271\jre\bin"/>
    <property name="java.vm.version" value="25.271-b09"/>
    <property name="user.country.format" value="US"/>
    <property name="java.vm.vendor" value="Oracle Corporation"/>
    <property name="maven.multiModuleProjectDirectory" value="C:\project\ota_json_tool"/>
    <property name="java.vendor.url" value="http://java.oracle.com/"/>
    <property name="path.separator" value=";"/>
    <property name="guice.disable.misplaced.annotation.check" value="true"/>
    <property name="java.vm.name" value="Java HotSpot(TM) Client VM"/>
    <property name="file.encoding.pkg" value="sun.io"/>
    <property name="user.script" value=""/>
    <property name="user.country" value="CN"/>
    <property name="sun.java.launcher" value="SUN_STANDARD"/>
    <property name="sun.os.patch.level" value=""/>
    <property name="java.vm.specification.name" value="Java Virtual Machine Specification"/>
    <property name="user.dir" value="C:\project\ota_json_tool"/>
    <property name="java.runtime.version" value="1.8.0_271-b09"/>
    <property name="java.awt.graphicsenv" value="sun.awt.Win32GraphicsEnvironment"/>
    <property name="java.endorsed.dirs" value="C:\Program Files (x86)\Java\jdk1.8.0_271\jre\lib\endorsed"/>
    <property name="os.arch" value="x86"/>
    <property name="java.io.tmpdir" value="C:\Users\CHENCH~1\AppData\Local\Temp\"/>
    <property name="line.separator" value="
"/>
    <property name="java.vm.specification.vendor" value="Oracle Corporation"/>
    <property name="user.variant" value=""/>
    <property name="os.name" value="Windows 10"/>
    <property name="maven.ext.class.path" value="C:\Program Files\JetBrains\IntelliJ IDEA 2020.3.1\plugins\maven\lib\maven-event-listener.jar"/>
    <property name="classworlds.conf" value="C:\Program Files\JetBrains\IntelliJ IDEA 2020.3.1\plugins\maven\lib\maven3\bin\m2.conf"/>
    <property name="sun.jnu.encoding" value="GBK"/>
    <property name="java.library.path" value="C:\Program Files (x86)\Java\jdk1.8.0_271\bin;C:\Windows\Sun\Java\bin;C:\Windows\system32;C:\Windows;C:\Program Files (x86)\Common Files\Oracle\Java\javapath;C:\Windows\system32;C:\Windows;C:\Windows\System32\Wbem;C:\Windows\System32\WindowsPowerShell\v1.0\;C:\Windows\System32\OpenSSH\;C:\Program Files (x86)\Git\cmd;C:\Program Files\Java\jdk1.8.0_281\bin;C:\Program Files (x86)\Inno Setup 6;C:\Program Files (x86)\WiX Toolset v3.11\bin;C:\Users\chenchunrong\AppData\Local\Microsoft\WindowsApps;;."/>
    <property name="maven.conf" value="C:\Program Files\JetBrains\IntelliJ IDEA 2020.3.1\plugins\maven\lib\maven3/conf"/>
    <property name="java.specification.name" value="Java Platform API Specification"/>
    <property name="java.class.version" value="52.0"/>
    <property name="sun.management.compiler" value="HotSpot Client Compiler"/>
    <property name="os.version" value="10.0"/>
    <property name="user.home" value="C:\Users\chenchunrong"/>
    <property name="user.timezone" value="Asia/Irkutsk"/>
    <property name="java.awt.printerjob" value="sun.awt.windows.WPrinterJob"/>
    <property name="java.specification.version" value="1.8"/>
    <property name="file.encoding" value="UTF-8"/>
    <property name="user.name" value="chenchunrong"/>
    <property name="java.class.path" value="C:\Program Files\JetBrains\IntelliJ IDEA 2020.3.1\plugins\maven\lib\maven3\boot\plexus-classworlds-2.6.0.jar;C:\Program Files\JetBrains\IntelliJ IDEA 2020.3.1\plugins\maven\lib\maven3\boot\plexus-classworlds.license;C:\Program Files\JetBrains\IntelliJ IDEA 2020.3.1\lib\idea_rt.jar"/>
    <property name="java.vm.specification.version" value="1.8"/>
    <property name="sun.arch.data.model" value="32"/>
    <property name="java.home" value="C:\Program Files (x86)\Java\jdk1.8.0_271\jre"/>
    <property name="sun.java.command" value="org.codehaus.classworlds.Launcher -Didea.version=2020.3.1 com.zenjava:javafx-maven-plugin:8.8.3:native"/>
    <property name="java.specification.vendor" value="Oracle Corporation"/>
    <property name="user.language" value="zh"/>
    <property name="user.language.format" value="en"/>
    <property name="awt.toolkit" value="sun.awt.windows.WToolkit"/>
    <property name="java.vm.info" value="mixed mode, sharing"/>
    <property name="java.version" value="1.8.0_271"/>
    <property name="java.ext.dirs" value="C:\Program Files (x86)\Java\jdk1.8.0_271\jre\lib\ext;C:\Windows\Sun\Java\lib\ext"/>
    <property name="sun.boot.class.path" value="C:\Program Files (x86)\Java\jdk1.8.0_271\jre\lib\resources.jar;C:\Program Files (x86)\Java\jdk1.8.0_271\jre\lib\rt.jar;C:\Program Files (x86)\Java\jdk1.8.0_271\jre\lib\sunrsasign.jar;C:\Program Files (x86)\Java\jdk1.8.0_271\jre\lib\jsse.jar;C:\Program Files (x86)\Java\jdk1.8.0_271\jre\lib\jce.jar;C:\Program Files (x86)\Java\jdk1.8.0_271\jre\lib\charsets.jar;C:\Program Files (x86)\Java\jdk1.8.0_271\jre\lib\jfr.jar;C:\Program Files (x86)\Java\jdk1.8.0_271\jre\classes"/>
    <property name="java.vendor" value="Oracle Corporation"/>
    <property name="maven.home" value="C:\Program Files\JetBrains\IntelliJ IDEA 2020.3.1\plugins\maven\lib\maven3"/>
    <property name="file.separator" value="\"/>
    <property name="java.vendor.url.bug" value="http://bugreport.sun.com/bugreport/"/>
    <property name="sun.cpu.endian" value="little"/>
    <property name="sun.io.unicode.encoding" value="UnicodeLittle"/>
    <property name="sun.desktop" value="windows"/>
    <property name="sun.cpu.isalist" value="pentium_pro+mmx pentium_pro pentium+mmx pentium i486 i386 i86"/>
  </properties>
</testsuite>